<?xml version="1.0" encoding="UTF-8"?>
<!-- Generated by org.testng.reporters.JUnitXMLReporter -->
<testsuite ignored="0" hostname="DESKTOP-PVBHUTH" failures="0" tests="13" name="TestNg" time="60.184" errors="0" timestamp="2023-04-19T13:42:56 IST">
  <testcase classname="com.telus.testcases.EndToEndTestFlow" name="logoPageValidation" time="3.075"/>
  <testcase classname="com.telus.testcases.EndToEndTestFlow" name="customerLogin1" time="5.497"/>
  <testcase classname="com.telus.testcases.EndToEndTestFlow" name="customerLogin2" time="2.239"/>
  <testcase classname="com.telus.testcases.EndToEndTestFlow" name="customerLogin3" time="2.21"/>
  <testcase classname="com.telus.testcases.EndToEndTestFlow" name="customerLogin4" time="2.529"/>
  <testcase classname="com.telus.testcases.EndToEndTestFlow" name="customerLogin5" time="2.648"/>
  <testcase classname="com.telus.testcases.EndToEndTestFlow" name="customerLogin6" time="2.953"/>
  <testcase classname="com.telus.testcases.EndToEndTestFlow" name="customerLogin" time="7.728"/>
  <testcase classname="com.telus.testcases.EndToEndTestFlow" name="signOutOption" time="2.428"/>
  <testcase classname="com.telus.testcases.EndToEndTestFlow" name="signInFunctionality" time="2.194"/>
  <testcase classname="com.telus.testcases.EndToEndTestFlow" name="signInFunctionality1" time="2.157"/>
  <testcase classname="com.telus.testcases.EndToEndTestFlow" name="signInFunctionality2" time="1.962"/>
  <testcase classname="com.telus.testcases.EndToEndTestFlow" name="signInFunctionality3" time="5.481"/>
</testsuite> <!-- TestNg -->
