<?xml version="1.0" encoding="UTF-8"?>
<testng-results ignored="0" total="13" passed="12" failed="1" skipped="0">
  <reporter-output>
    <line>
      <![CDATA[Create account link is clicked successfully]]>
    </line>
    <line>
      <![CDATA[CreteAccount button is not Selected successfully]]>
    </line>
    <line>
      <![CDATA[CreteAccount button is enabled successfully]]>
    </line>
    <line>
      <![CDATA[CreteAccount button is clicked]]>
    </line>
    <line>
      <![CDATA[Create account link is clicked successfully]]>
    </line>
    <line>
      <![CDATA[LastName is displayed successfully as Antony]]>
    </line>
    <line>
      <![CDATA[SignUp button is displayeded successfully]]>
    </line>
    <line>
      <![CDATA[SignUp button is enabled successfully]]>
    </line>
    <line>
      <![CDATA[SignUp button is clicked]]>
    </line>
    <line>
      <![CDATA[email is displayed successfully as krish585@gamil.com]]>
    </line>
    <line>
      <![CDATA[email is displayed successfully as Antony@143]]>
    </line>
    <line>
      <![CDATA[email is displayed successfully as Antony@143]]>
    </line>
    <line>
      <![CDATA[CreteAccount button is not Selected successfully]]>
    </line>
    <line>
      <![CDATA[CreteAccount button is enabled successfully]]>
    </line>
    <line>
      <![CDATA[CreteAccount button is clicked]]>
    </line>
    <line>
      <![CDATA[FirstNameError Msg is displayed successfully]]>
    </line>
    <line>
      <![CDATA[Actual and Expected title is same]]>
    </line>
    <line>
      <![CDATA[The FirstNameError Msg is displayed as This is a required field.]]>
    </line>
    <line>
      <![CDATA[Create account link is clicked successfully]]>
    </line>
    <line>
      <![CDATA[FirstName is displayed successfully as vijay]]>
    </line>
    <line>
      <![CDATA[SignUp button is displayeded successfully]]>
    </line>
    <line>
      <![CDATA[SignUp button is enabled successfully]]>
    </line>
    <line>
      <![CDATA[SignUp button is clicked]]>
    </line>
    <line>
      <![CDATA[email is displayed successfully as krish585@gamil.com]]>
    </line>
    <line>
      <![CDATA[email is displayed successfully as Antony@143]]>
    </line>
    <line>
      <![CDATA[email is displayed successfully as Antony@143]]>
    </line>
    <line>
      <![CDATA[CreteAccount button is not Selected successfully]]>
    </line>
    <line>
      <![CDATA[CreteAccount button is enabled successfully]]>
    </line>
    <line>
      <![CDATA[CreteAccount button is clicked]]>
    </line>
    <line>
      <![CDATA[lastNameError Msg is displayed successfully]]>
    </line>
    <line>
      <![CDATA[Actual and Expected title is same]]>
    </line>
    <line>
      <![CDATA[The lastNameError Msg is displayed as This is a required field.]]>
    </line>
    <line>
      <![CDATA[Create account link is clicked successfully]]>
    </line>
    <line>
      <![CDATA[FirstName is displayed successfully as vijay]]>
    </line>
    <line>
      <![CDATA[LastName is displayed successfully as Antony]]>
    </line>
    <line>
      <![CDATA[SignUp button is displayeded successfully]]>
    </line>
    <line>
      <![CDATA[SignUp button is enabled successfully]]>
    </line>
    <line>
      <![CDATA[SignUp button is clicked]]>
    </line>
    <line>
      <![CDATA[email is displayed successfully as Antony@143]]>
    </line>
    <line>
      <![CDATA[email is displayed successfully as Antony@143]]>
    </line>
    <line>
      <![CDATA[CreteAccount button is not Selected successfully]]>
    </line>
    <line>
      <![CDATA[CreteAccount button is enabled successfully]]>
    </line>
    <line>
      <![CDATA[CreteAccount button is clicked]]>
    </line>
    <line>
      <![CDATA[emailError Msg is displayed successfully]]>
    </line>
    <line>
      <![CDATA[Actual and Expected title is same]]>
    </line>
    <line>
      <![CDATA[The emailError Msg is displayed as This is a required field.]]>
    </line>
    <line>
      <![CDATA[Create account link is clicked successfully]]>
    </line>
    <line>
      <![CDATA[FirstName is displayed successfully as vijay]]>
    </line>
    <line>
      <![CDATA[LastName is displayed successfully as Antony]]>
    </line>
    <line>
      <![CDATA[SignUp button is displayeded successfully]]>
    </line>
    <line>
      <![CDATA[SignUp button is enabled successfully]]>
    </line>
    <line>
      <![CDATA[SignUp button is clicked]]>
    </line>
    <line>
      <![CDATA[email is displayed successfully as krish585@gamil.com]]>
    </line>
    <line>
      <![CDATA[email is displayed successfully as Antony@143]]>
    </line>
    <line>
      <![CDATA[CreteAccount button is not Selected successfully]]>
    </line>
    <line>
      <![CDATA[CreteAccount button is enabled successfully]]>
    </line>
    <line>
      <![CDATA[CreteAccount button is clicked]]>
    </line>
    <line>
      <![CDATA[passwordError Msg is displayed successfully]]>
    </line>
    <line>
      <![CDATA[Actual and Expected title is same]]>
    </line>
    <line>
      <![CDATA[The passwordError Msg is displayed as This is a required field.]]>
    </line>
    <line>
      <![CDATA[Create account link is clicked successfully]]>
    </line>
    <line>
      <![CDATA[FirstName is displayed successfully as vijay]]>
    </line>
    <line>
      <![CDATA[LastName is displayed successfully as Antony]]>
    </line>
    <line>
      <![CDATA[SignUp button is displayeded successfully]]>
    </line>
    <line>
      <![CDATA[SignUp button is enabled successfully]]>
    </line>
    <line>
      <![CDATA[SignUp button is clicked]]>
    </line>
    <line>
      <![CDATA[email is displayed successfully as krish585@gamil.com]]>
    </line>
    <line>
      <![CDATA[email is displayed successfully as Antony@143]]>
    </line>
    <line>
      <![CDATA[CreteAccount button is not Selected successfully]]>
    </line>
    <line>
      <![CDATA[CreteAccount button is enabled successfully]]>
    </line>
    <line>
      <![CDATA[CreteAccount button is clicked]]>
    </line>
    <line>
      <![CDATA[conformPasswordError Msg is displayed successfully]]>
    </line>
    <line>
      <![CDATA[Actual and Expected title is same]]>
    </line>
    <line>
      <![CDATA[The conformPasswordError Msg is displayed as This is a required field.]]>
    </line>
    <line>
      <![CDATA[Create account link is clicked successfully]]>
    </line>
    <line>
      <![CDATA[FirstName is displayed successfully as vijay]]>
    </line>
    <line>
      <![CDATA[LastName is displayed successfully as Antony]]>
    </line>
    <line>
      <![CDATA[SignUp button is displayeded successfully]]>
    </line>
    <line>
      <![CDATA[SignUp button is enabled successfully]]>
    </line>
    <line>
      <![CDATA[SignUp button is clicked]]>
    </line>
    <line>
      <![CDATA[email is displayed successfully as krish585@gamil.com]]>
    </line>
    <line>
      <![CDATA[email is displayed successfully as Antony@143]]>
    </line>
    <line>
      <![CDATA[email is displayed successfully as Antony@143]]>
    </line>
    <line>
      <![CDATA[CreteAccount button is not Selected successfully]]>
    </line>
    <line>
      <![CDATA[CreteAccount button is enabled successfully]]>
    </line>
    <line>
      <![CDATA[CreteAccount button is clicked]]>
    </line>
    <line>
      <![CDATA[SignIn button is not displayed successfully]]>
    </line>
    <line>
      <![CDATA[SignIn button is enabled successfully]]>
    </line>
    <line>
      <![CDATA[SignUp button is clicked]]>
    </line>
    <line>
      <![CDATA[Customer Login]]>
    </line>
    <line>
      <![CDATA[Title is displayed as :Customer Login]]>
    </line>
    <line>
      <![CDATA[SignIn button is not Selected successfully]]>
    </line>
    <line>
      <![CDATA[SignUp button is clicked]]>
    </line>
    <line>
      <![CDATA[SignIn button is enabled successfully]]>
    </line>
    <line>
      <![CDATA[emailError Msg is displayed successfully]]>
    </line>
    <line>
      <![CDATA[Actual and Expected title is same]]>
    </line>
    <line>
      <![CDATA[The emailError Msg is displayed as This is a required field.]]>
    </line>
    <line>
      <![CDATA[passwordError Msg is displayed successfully]]>
    </line>
    <line>
      <![CDATA[Actual and Expected title is same]]>
    </line>
    <line>
      <![CDATA[The passwordError Msg is displayed as This is a required field.]]>
    </line>
    <line>
      <![CDATA[SignIn button is not displayed successfully]]>
    </line>
    <line>
      <![CDATA[SignIn button is enabled successfully]]>
    </line>
    <line>
      <![CDATA[SignUp button is clicked]]>
    </line>
    <line>
      <![CDATA[Customer Login]]>
    </line>
    <line>
      <![CDATA[Title is displayed as :Customer Login]]>
    </line>
    <line>
      <![CDATA[password is displayed successfully as Antony@143]]>
    </line>
    <line>
      <![CDATA[SignIn button is not Selected successfully]]>
    </line>
    <line>
      <![CDATA[SignUp button is clicked]]>
    </line>
    <line>
      <![CDATA[SignIn button is enabled successfully]]>
    </line>
    <line>
      <![CDATA[emailError Msg is displayed successfully]]>
    </line>
    <line>
      <![CDATA[Actual and Expected title is same]]>
    </line>
    <line>
      <![CDATA[The emailError Msg is displayed as This is a required field.]]>
    </line>
    <line>
      <![CDATA[SignIn button is not displayed successfully]]>
    </line>
    <line>
      <![CDATA[SignIn button is enabled successfully]]>
    </line>
    <line>
      <![CDATA[SignUp button is clicked]]>
    </line>
    <line>
      <![CDATA[Customer Login]]>
    </line>
    <line>
      <![CDATA[Title is displayed as :Customer Login]]>
    </line>
    <line>
      <![CDATA[email is displayed successfully as krish585@gamil.com]]>
    </line>
    <line>
      <![CDATA[SignIn button is not Selected successfully]]>
    </line>
    <line>
      <![CDATA[SignUp button is clicked]]>
    </line>
    <line>
      <![CDATA[SignIn button is enabled successfully]]>
    </line>
    <line>
      <![CDATA[passwordError Msg is displayed successfully]]>
    </line>
    <line>
      <![CDATA[Actual and Expected title is same]]>
    </line>
    <line>
      <![CDATA[The passwordError Msg is displayed as This is a required field.]]>
    </line>
    <line>
      <![CDATA[SignIn button is not displayed successfully]]>
    </line>
    <line>
      <![CDATA[SignIn button is enabled successfully]]>
    </line>
    <line>
      <![CDATA[SignUp button is clicked]]>
    </line>
    <line>
      <![CDATA[Customer Login]]>
    </line>
    <line>
      <![CDATA[Title is displayed as :Customer Login]]>
    </line>
    <line>
      <![CDATA[email is displayed successfully as krish585@gamil.com]]>
    </line>
    <line>
      <![CDATA[password is displayed successfully as Antony@143]]>
    </line>
    <line>
      <![CDATA[SignIn button is not Selected successfully]]>
    </line>
    <line>
      <![CDATA[SignUp button is clicked]]>
    </line>
    <line>
      <![CDATA[SignIn button is enabled successfully]]>
    </line>
  </reporter-output>
  <suite started-at="2023-04-21T08:38:42 IST" name="Suite" finished-at="2023-04-21T08:40:01 IST" duration-ms="78438">
    <groups>
    </groups>
    <test started-at="2023-04-21T08:38:42 IST" name="TestNg" finished-at="2023-04-21T08:40:01 IST" duration-ms="78438">
      <class name="com.telus.testcases.EndToEndTestFlow">
        <test-method is-config="true" signature="launchApplication()[pri:0, instance:com.telus.testcases.EndToEndTestFlow@63fbfaeb]" started-at="2023-04-21T08:38:09 IST" name="launchApplication" finished-at="2023-04-21T08:38:42 IST" duration-ms="32781" status="PASS">
          <reporter-output>
          </reporter-output>
        </test-method> <!-- launchApplication -->
        <test-method signature="logoPageValidation()[pri:1, instance:com.telus.testcases.EndToEndTestFlow@63fbfaeb]" started-at="2023-04-21T08:38:46 IST" name="logoPageValidation" finished-at="2023-04-21T08:38:49 IST" duration-ms="3843" status="PASS">
          <reporter-output>
          </reporter-output>
        </test-method> <!-- logoPageValidation -->
        <test-method signature="customerLogin1()[pri:2, instance:com.telus.testcases.EndToEndTestFlow@63fbfaeb]" started-at="2023-04-21T08:38:52 IST" name="customerLogin1" finished-at="2023-04-21T08:39:11 IST" duration-ms="18498" status="FAIL">
          <exception class="org.openqa.selenium.NoSuchElementException">
            <message>
              <![CDATA[no such element: Unable to locate element: {"method":"xpath","selector":"//div[@id='firstname-error']"}
  (Session info: chrome=112.0.5615.137)
For documentation on this error, please visit: https://www.seleniumhq.org/exceptions/no_such_element.html
Build info: version: '3.141.59', revision: 'e82be7d358', time: '2018-11-14T08:17:03'
System info: host: 'DESKTOP-PVBHUTH', ip: '192.168.43.154', os.name: 'Windows 10', os.arch: 'amd64', os.version: '10.0', java.version: '11.0.10'
Driver info: org.openqa.selenium.chrome.ChromeDriver
Capabilities {acceptInsecureCerts: false, browserName: chrome, browserVersion: 112.0.5615.137, chrome: {chromedriverVersion: 112.0.5615.49 (bd2a7bcb881c..., userDataDir: C:\Users\hellooo\AppData\Lo...}, goog:chromeOptions: {debuggerAddress: localhost:49998}, javascriptEnabled: true, networkConnectionEnabled: false, pageLoadStrategy: normal, platform: WINDOWS, platformName: WINDOWS, proxy: Proxy(), setWindowRect: true, strictFileInteractability: false, timeouts: {implicit: 0, pageLoad: 300000, script: 30000}, unhandledPromptBehavior: dismiss and notify, webauthn:extension:credBlob: true, webauthn:extension:largeBlob: true, webauthn:extension:minPinLength: true, webauthn:extension:prf: true, webauthn:virtualAuthenticators: true}
Session ID: a55d2a9cb958791b73bfa97b33bbed38
*** Element info: {Using=xpath, value=//div[@id='firstname-error']}]]>
            </message>
            <full-stacktrace>
              <![CDATA[org.openqa.selenium.NoSuchElementException: no such element: Unable to locate element: {"method":"xpath","selector":"//div[@id='firstname-error']"}
  (Session info: chrome=112.0.5615.137)
For documentation on this error, please visit: https://www.seleniumhq.org/exceptions/no_such_element.html
Build info: version: '3.141.59', revision: 'e82be7d358', time: '2018-11-14T08:17:03'
System info: host: 'DESKTOP-PVBHUTH', ip: '192.168.43.154', os.name: 'Windows 10', os.arch: 'amd64', os.version: '10.0', java.version: '11.0.10'
Driver info: org.openqa.selenium.chrome.ChromeDriver
Capabilities {acceptInsecureCerts: false, browserName: chrome, browserVersion: 112.0.5615.137, chrome: {chromedriverVersion: 112.0.5615.49 (bd2a7bcb881c..., userDataDir: C:\Users\hellooo\AppData\Lo...}, goog:chromeOptions: {debuggerAddress: localhost:49998}, javascriptEnabled: true, networkConnectionEnabled: false, pageLoadStrategy: normal, platform: WINDOWS, platformName: WINDOWS, proxy: Proxy(), setWindowRect: true, strictFileInteractability: false, timeouts: {implicit: 0, pageLoad: 300000, script: 30000}, unhandledPromptBehavior: dismiss and notify, webauthn:extension:credBlob: true, webauthn:extension:largeBlob: true, webauthn:extension:minPinLength: true, webauthn:extension:prf: true, webauthn:virtualAuthenticators: true}
Session ID: a55d2a9cb958791b73bfa97b33bbed38
*** Element info: {Using=xpath, value=//div[@id='firstname-error']}
at java.base/jdk.internal.reflect.NativeConstructorAccessorImpl.newInstance0(Native Method)
at java.base/jdk.internal.reflect.NativeConstructorAccessorImpl.newInstance(NativeConstructorAccessorImpl.java:62)
at java.base/jdk.internal.reflect.DelegatingConstructorAccessorImpl.newInstance(DelegatingConstructorAccessorImpl.java:45)
at java.base/java.lang.reflect.Constructor.newInstance(Constructor.java:490)
at org.openqa.selenium.remote.http.W3CHttpResponseCodec.createException(W3CHttpResponseCodec.java:187)
at org.openqa.selenium.remote.http.W3CHttpResponseCodec.decode(W3CHttpResponseCodec.java:122)
at org.openqa.selenium.remote.http.W3CHttpResponseCodec.decode(W3CHttpResponseCodec.java:49)
at org.openqa.selenium.remote.HttpCommandExecutor.execute(HttpCommandExecutor.java:158)
at org.openqa.selenium.remote.service.DriverCommandExecutor.execute(DriverCommandExecutor.java:83)
at org.openqa.selenium.remote.RemoteWebDriver.execute(RemoteWebDriver.java:552)
at org.openqa.selenium.remote.RemoteWebDriver.findElement(RemoteWebDriver.java:323)
at org.openqa.selenium.remote.RemoteWebDriver.findElementByXPath(RemoteWebDriver.java:428)
at org.openqa.selenium.By$ByXPath.findElement(By.java:353)
at org.openqa.selenium.remote.RemoteWebDriver.findElement(RemoteWebDriver.java:315)
at org.openqa.selenium.support.pagefactory.DefaultElementLocator.findElement(DefaultElementLocator.java:69)
at org.openqa.selenium.support.pagefactory.internal.LocatingElementHandler.invoke(LocatingElementHandler.java:38)
at com.sun.proxy.$Proxy19.isDisplayed(Unknown Source)
at com.telus.pages.RegisterSignInPage.getFirstNameErrorMsg(RegisterSignInPage.java:104)
at com.telus.testcases.EndToEndTestFlow.customerLogin1(EndToEndTestFlow.java:75)
at java.base/jdk.internal.reflect.NativeMethodAccessorImpl.invoke0(Native Method)
at java.base/jdk.internal.reflect.NativeMethodAccessorImpl.invoke(NativeMethodAccessorImpl.java:62)
at java.base/jdk.internal.reflect.DelegatingMethodAccessorImpl.invoke(DelegatingMethodAccessorImpl.java:43)
at java.base/java.lang.reflect.Method.invoke(Method.java:566)
at org.testng.internal.invokers.MethodInvocationHelper.invokeMethod(MethodInvocationHelper.java:139)
at org.testng.internal.invokers.TestInvoker.invokeMethod(TestInvoker.java:677)
at org.testng.internal.invokers.TestInvoker.invokeTestMethod(TestInvoker.java:221)
at org.testng.internal.invokers.MethodRunner.runInSequence(MethodRunner.java:50)
at org.testng.internal.invokers.TestInvoker$MethodInvocationAgent.invoke(TestInvoker.java:962)
at org.testng.internal.invokers.TestInvoker.invokeTestMethods(TestInvoker.java:194)
at org.testng.internal.invokers.TestMethodWorker.invokeTestMethods(TestMethodWorker.java:148)
at org.testng.internal.invokers.TestMethodWorker.run(TestMethodWorker.java:128)
at java.base/java.util.ArrayList.forEach(ArrayList.java:1541)
at org.testng.TestRunner.privateRun(TestRunner.java:806)
at org.testng.TestRunner.run(TestRunner.java:601)
at org.testng.SuiteRunner.runTest(SuiteRunner.java:433)
at org.testng.SuiteRunner.runSequentially(SuiteRunner.java:427)
at org.testng.SuiteRunner.privateRun(SuiteRunner.java:387)
at org.testng.SuiteRunner.run(SuiteRunner.java:330)
at org.testng.SuiteRunnerWorker.runSuite(SuiteRunnerWorker.java:52)
at org.testng.SuiteRunnerWorker.run(SuiteRunnerWorker.java:95)
at org.testng.TestNG.runSuitesSequentially(TestNG.java:1256)
at org.testng.TestNG.runSuitesLocally(TestNG.java:1176)
at org.testng.TestNG.runSuites(TestNG.java:1099)
at org.testng.TestNG.run(TestNG.java:1067)
at org.testng.remote.AbstractRemoteTestNG.run(AbstractRemoteTestNG.java:115)
at org.testng.remote.RemoteTestNG.initAndRun(RemoteTestNG.java:251)
at org.testng.remote.RemoteTestNG.main(RemoteTestNG.java:77)
]]>
            </full-stacktrace>
          </exception> <!-- org.openqa.selenium.NoSuchElementException -->
          <reporter-output>
            <line>
              <![CDATA[Create account link is clicked successfully]]>
            </line>
            <line>
              <![CDATA[CreteAccount button is not Selected successfully]]>
            </line>
            <line>
              <![CDATA[CreteAccount button is enabled successfully]]>
            </line>
            <line>
              <![CDATA[CreteAccount button is clicked]]>
            </line>
          </reporter-output>
        </test-method> <!-- customerLogin1 -->
        <test-method signature="customerLogin2()[pri:3, instance:com.telus.testcases.EndToEndTestFlow@63fbfaeb]" started-at="2023-04-21T08:39:12 IST" name="customerLogin2" finished-at="2023-04-21T08:39:15 IST" duration-ms="3326" status="PASS">
          <reporter-output>
            <line>
              <![CDATA[Create account link is clicked successfully]]>
            </line>
            <line>
              <![CDATA[LastName is displayed successfully as Antony]]>
            </line>
            <line>
              <![CDATA[SignUp button is displayeded successfully]]>
            </line>
            <line>
              <![CDATA[SignUp button is enabled successfully]]>
            </line>
            <line>
              <![CDATA[SignUp button is clicked]]>
            </line>
            <line>
              <![CDATA[email is displayed successfully as krish585@gamil.com]]>
            </line>
            <line>
              <![CDATA[email is displayed successfully as Antony@143]]>
            </line>
            <line>
              <![CDATA[email is displayed successfully as Antony@143]]>
            </line>
            <line>
              <![CDATA[CreteAccount button is not Selected successfully]]>
            </line>
            <line>
              <![CDATA[CreteAccount button is enabled successfully]]>
            </line>
            <line>
              <![CDATA[CreteAccount button is clicked]]>
            </line>
            <line>
              <![CDATA[FirstNameError Msg is displayed successfully]]>
            </line>
            <line>
              <![CDATA[Actual and Expected title is same]]>
            </line>
            <line>
              <![CDATA[The FirstNameError Msg is displayed as This is a required field.]]>
            </line>
          </reporter-output>
        </test-method> <!-- customerLogin2 -->
        <test-method signature="customerLogin3()[pri:4, instance:com.telus.testcases.EndToEndTestFlow@63fbfaeb]" started-at="2023-04-21T08:39:16 IST" name="customerLogin3" finished-at="2023-04-21T08:39:19 IST" duration-ms="3003" status="PASS">
          <reporter-output>
            <line>
              <![CDATA[Create account link is clicked successfully]]>
            </line>
            <line>
              <![CDATA[FirstName is displayed successfully as vijay]]>
            </line>
            <line>
              <![CDATA[SignUp button is displayeded successfully]]>
            </line>
            <line>
              <![CDATA[SignUp button is enabled successfully]]>
            </line>
            <line>
              <![CDATA[SignUp button is clicked]]>
            </line>
            <line>
              <![CDATA[email is displayed successfully as krish585@gamil.com]]>
            </line>
            <line>
              <![CDATA[email is displayed successfully as Antony@143]]>
            </line>
            <line>
              <![CDATA[email is displayed successfully as Antony@143]]>
            </line>
            <line>
              <![CDATA[CreteAccount button is not Selected successfully]]>
            </line>
            <line>
              <![CDATA[CreteAccount button is enabled successfully]]>
            </line>
            <line>
              <![CDATA[CreteAccount button is clicked]]>
            </line>
            <line>
              <![CDATA[lastNameError Msg is displayed successfully]]>
            </line>
            <line>
              <![CDATA[Actual and Expected title is same]]>
            </line>
            <line>
              <![CDATA[The lastNameError Msg is displayed as This is a required field.]]>
            </line>
          </reporter-output>
        </test-method> <!-- customerLogin3 -->
        <test-method signature="customerLogin4()[pri:5, instance:com.telus.testcases.EndToEndTestFlow@63fbfaeb]" started-at="2023-04-21T08:39:19 IST" name="customerLogin4" finished-at="2023-04-21T08:39:22 IST" duration-ms="2869" status="PASS">
          <reporter-output>
            <line>
              <![CDATA[Create account link is clicked successfully]]>
            </line>
            <line>
              <![CDATA[FirstName is displayed successfully as vijay]]>
            </line>
            <line>
              <![CDATA[LastName is displayed successfully as Antony]]>
            </line>
            <line>
              <![CDATA[SignUp button is displayeded successfully]]>
            </line>
            <line>
              <![CDATA[SignUp button is enabled successfully]]>
            </line>
            <line>
              <![CDATA[SignUp button is clicked]]>
            </line>
            <line>
              <![CDATA[email is displayed successfully as Antony@143]]>
            </line>
            <line>
              <![CDATA[email is displayed successfully as Antony@143]]>
            </line>
            <line>
              <![CDATA[CreteAccount button is not Selected successfully]]>
            </line>
            <line>
              <![CDATA[CreteAccount button is enabled successfully]]>
            </line>
            <line>
              <![CDATA[CreteAccount button is clicked]]>
            </line>
            <line>
              <![CDATA[emailError Msg is displayed successfully]]>
            </line>
            <line>
              <![CDATA[Actual and Expected title is same]]>
            </line>
            <line>
              <![CDATA[The emailError Msg is displayed as This is a required field.]]>
            </line>
          </reporter-output>
        </test-method> <!-- customerLogin4 -->
        <test-method signature="customerLogin5()[pri:6, instance:com.telus.testcases.EndToEndTestFlow@63fbfaeb]" started-at="2023-04-21T08:39:23 IST" name="customerLogin5" finished-at="2023-04-21T08:39:26 IST" duration-ms="3178" status="PASS">
          <reporter-output>
            <line>
              <![CDATA[Create account link is clicked successfully]]>
            </line>
            <line>
              <![CDATA[FirstName is displayed successfully as vijay]]>
            </line>
            <line>
              <![CDATA[LastName is displayed successfully as Antony]]>
            </line>
            <line>
              <![CDATA[SignUp button is displayeded successfully]]>
            </line>
            <line>
              <![CDATA[SignUp button is enabled successfully]]>
            </line>
            <line>
              <![CDATA[SignUp button is clicked]]>
            </line>
            <line>
              <![CDATA[email is displayed successfully as krish585@gamil.com]]>
            </line>
            <line>
              <![CDATA[email is displayed successfully as Antony@143]]>
            </line>
            <line>
              <![CDATA[CreteAccount button is not Selected successfully]]>
            </line>
            <line>
              <![CDATA[CreteAccount button is enabled successfully]]>
            </line>
            <line>
              <![CDATA[CreteAccount button is clicked]]>
            </line>
            <line>
              <![CDATA[passwordError Msg is displayed successfully]]>
            </line>
            <line>
              <![CDATA[Actual and Expected title is same]]>
            </line>
            <line>
              <![CDATA[The passwordError Msg is displayed as This is a required field.]]>
            </line>
          </reporter-output>
        </test-method> <!-- customerLogin5 -->
        <test-method signature="customerLogin6()[pri:7, instance:com.telus.testcases.EndToEndTestFlow@63fbfaeb]" started-at="2023-04-21T08:39:28 IST" name="customerLogin6" finished-at="2023-04-21T08:39:31 IST" duration-ms="3183" status="PASS">
          <reporter-output>
            <line>
              <![CDATA[Create account link is clicked successfully]]>
            </line>
            <line>
              <![CDATA[FirstName is displayed successfully as vijay]]>
            </line>
            <line>
              <![CDATA[LastName is displayed successfully as Antony]]>
            </line>
            <line>
              <![CDATA[SignUp button is displayeded successfully]]>
            </line>
            <line>
              <![CDATA[SignUp button is enabled successfully]]>
            </line>
            <line>
              <![CDATA[SignUp button is clicked]]>
            </line>
            <line>
              <![CDATA[email is displayed successfully as krish585@gamil.com]]>
            </line>
            <line>
              <![CDATA[email is displayed successfully as Antony@143]]>
            </line>
            <line>
              <![CDATA[CreteAccount button is not Selected successfully]]>
            </line>
            <line>
              <![CDATA[CreteAccount button is enabled successfully]]>
            </line>
            <line>
              <![CDATA[CreteAccount button is clicked]]>
            </line>
            <line>
              <![CDATA[conformPasswordError Msg is displayed successfully]]>
            </line>
            <line>
              <![CDATA[Actual and Expected title is same]]>
            </line>
            <line>
              <![CDATA[The conformPasswordError Msg is displayed as This is a required field.]]>
            </line>
          </reporter-output>
        </test-method> <!-- customerLogin6 -->
        <test-method signature="customerLogin()[pri:8, instance:com.telus.testcases.EndToEndTestFlow@63fbfaeb]" started-at="2023-04-21T08:39:32 IST" name="customerLogin" finished-at="2023-04-21T08:39:40 IST" duration-ms="8410" status="PASS">
          <reporter-output>
            <line>
              <![CDATA[Create account link is clicked successfully]]>
            </line>
            <line>
              <![CDATA[FirstName is displayed successfully as vijay]]>
            </line>
            <line>
              <![CDATA[LastName is displayed successfully as Antony]]>
            </line>
            <line>
              <![CDATA[SignUp button is displayeded successfully]]>
            </line>
            <line>
              <![CDATA[SignUp button is enabled successfully]]>
            </line>
            <line>
              <![CDATA[SignUp button is clicked]]>
            </line>
            <line>
              <![CDATA[email is displayed successfully as krish585@gamil.com]]>
            </line>
            <line>
              <![CDATA[email is displayed successfully as Antony@143]]>
            </line>
            <line>
              <![CDATA[email is displayed successfully as Antony@143]]>
            </line>
            <line>
              <![CDATA[CreteAccount button is not Selected successfully]]>
            </line>
            <line>
              <![CDATA[CreteAccount button is enabled successfully]]>
            </line>
            <line>
              <![CDATA[CreteAccount button is clicked]]>
            </line>
          </reporter-output>
        </test-method> <!-- customerLogin -->
        <test-method signature="signOutOption()[pri:9, instance:com.telus.testcases.EndToEndTestFlow@63fbfaeb]" started-at="2023-04-21T08:39:41 IST" name="signOutOption" finished-at="2023-04-21T08:39:44 IST" duration-ms="3267" status="PASS">
          <reporter-output>
          </reporter-output>
        </test-method> <!-- signOutOption -->
        <test-method signature="signInFunctionality()[pri:10, instance:com.telus.testcases.EndToEndTestFlow@63fbfaeb]" started-at="2023-04-21T08:39:45 IST" name="signInFunctionality" finished-at="2023-04-21T08:39:47 IST" duration-ms="1986" status="PASS">
          <reporter-output>
            <line>
              <![CDATA[SignIn button is not displayed successfully]]>
            </line>
            <line>
              <![CDATA[SignIn button is enabled successfully]]>
            </line>
            <line>
              <![CDATA[SignUp button is clicked]]>
            </line>
            <line>
              <![CDATA[Customer Login]]>
            </line>
            <line>
              <![CDATA[Title is displayed as :Customer Login]]>
            </line>
            <line>
              <![CDATA[SignIn button is not Selected successfully]]>
            </line>
            <line>
              <![CDATA[SignUp button is clicked]]>
            </line>
            <line>
              <![CDATA[SignIn button is enabled successfully]]>
            </line>
            <line>
              <![CDATA[emailError Msg is displayed successfully]]>
            </line>
            <line>
              <![CDATA[Actual and Expected title is same]]>
            </line>
            <line>
              <![CDATA[The emailError Msg is displayed as This is a required field.]]>
            </line>
            <line>
              <![CDATA[passwordError Msg is displayed successfully]]>
            </line>
            <line>
              <![CDATA[Actual and Expected title is same]]>
            </line>
            <line>
              <![CDATA[The passwordError Msg is displayed as This is a required field.]]>
            </line>
          </reporter-output>
        </test-method> <!-- signInFunctionality -->
        <test-method signature="signInFunctionality1()[pri:11, instance:com.telus.testcases.EndToEndTestFlow@63fbfaeb]" started-at="2023-04-21T08:39:48 IST" name="signInFunctionality1" finished-at="2023-04-21T08:39:50 IST" duration-ms="2558" status="PASS">
          <reporter-output>
            <line>
              <![CDATA[SignIn button is not displayed successfully]]>
            </line>
            <line>
              <![CDATA[SignIn button is enabled successfully]]>
            </line>
            <line>
              <![CDATA[SignUp button is clicked]]>
            </line>
            <line>
              <![CDATA[Customer Login]]>
            </line>
            <line>
              <![CDATA[Title is displayed as :Customer Login]]>
            </line>
            <line>
              <![CDATA[password is displayed successfully as Antony@143]]>
            </line>
            <line>
              <![CDATA[SignIn button is not Selected successfully]]>
            </line>
            <line>
              <![CDATA[SignUp button is clicked]]>
            </line>
            <line>
              <![CDATA[SignIn button is enabled successfully]]>
            </line>
            <line>
              <![CDATA[emailError Msg is displayed successfully]]>
            </line>
            <line>
              <![CDATA[Actual and Expected title is same]]>
            </line>
            <line>
              <![CDATA[The emailError Msg is displayed as This is a required field.]]>
            </line>
          </reporter-output>
        </test-method> <!-- signInFunctionality1 -->
        <test-method signature="signInFunctionality2()[pri:12, instance:com.telus.testcases.EndToEndTestFlow@63fbfaeb]" started-at="2023-04-21T08:39:51 IST" name="signInFunctionality2" finished-at="2023-04-21T08:39:54 IST" duration-ms="2602" status="PASS">
          <reporter-output>
            <line>
              <![CDATA[SignIn button is not displayed successfully]]>
            </line>
            <line>
              <![CDATA[SignIn button is enabled successfully]]>
            </line>
            <line>
              <![CDATA[SignUp button is clicked]]>
            </line>
            <line>
              <![CDATA[Customer Login]]>
            </line>
            <line>
              <![CDATA[Title is displayed as :Customer Login]]>
            </line>
            <line>
              <![CDATA[email is displayed successfully as krish585@gamil.com]]>
            </line>
            <line>
              <![CDATA[SignIn button is not Selected successfully]]>
            </line>
            <line>
              <![CDATA[SignUp button is clicked]]>
            </line>
            <line>
              <![CDATA[SignIn button is enabled successfully]]>
            </line>
            <line>
              <![CDATA[passwordError Msg is displayed successfully]]>
            </line>
            <line>
              <![CDATA[Actual and Expected title is same]]>
            </line>
            <line>
              <![CDATA[The passwordError Msg is displayed as This is a required field.]]>
            </line>
          </reporter-output>
        </test-method> <!-- signInFunctionality2 -->
        <test-method signature="signInFunctionality3()[pri:13, instance:com.telus.testcases.EndToEndTestFlow@63fbfaeb]" started-at="2023-04-21T08:39:54 IST" name="signInFunctionality3" finished-at="2023-04-21T08:40:00 IST" duration-ms="5276" status="PASS">
          <reporter-output>
            <line>
              <![CDATA[SignIn button is not displayed successfully]]>
            </line>
            <line>
              <![CDATA[SignIn button is enabled successfully]]>
            </line>
            <line>
              <![CDATA[SignUp button is clicked]]>
            </line>
            <line>
              <![CDATA[Customer Login]]>
            </line>
            <line>
              <![CDATA[Title is displayed as :Customer Login]]>
            </line>
            <line>
              <![CDATA[email is displayed successfully as krish585@gamil.com]]>
            </line>
            <line>
              <![CDATA[password is displayed successfully as Antony@143]]>
            </line>
            <line>
              <![CDATA[SignIn button is not Selected successfully]]>
            </line>
            <line>
              <![CDATA[SignUp button is clicked]]>
            </line>
            <line>
              <![CDATA[SignIn button is enabled successfully]]>
            </line>
          </reporter-output>
        </test-method> <!-- signInFunctionality3 -->
        <test-method is-config="true" signature="closeApplication()[pri:0, instance:com.telus.testcases.EndToEndTestFlow@63fbfaeb]" started-at="2023-04-21T08:40:01 IST" name="closeApplication" finished-at="2023-04-21T08:40:03 IST" duration-ms="1468" status="PASS">
          <reporter-output>
          </reporter-output>
        </test-method> <!-- closeApplication -->
      </class> <!-- com.telus.testcases.EndToEndTestFlow -->
    </test> <!-- TestNg -->
  </suite> <!-- Suite -->
</testng-results>
