<?xml version="1.0" encoding="UTF-8"?>
<testng-results ignored="0" total="13" passed="13" failed="0" skipped="0">
  <reporter-output>
    <line>
      <![CDATA[Create account link is clicked successfully]]>
    </line>
    <line>
      <![CDATA[CreteAccount button is not Selected successfully]]>
    </line>
    <line>
      <![CDATA[CreteAccount button is enabled successfully]]>
    </line>
    <line>
      <![CDATA[CreteAccount button is clicked]]>
    </line>
    <line>
      <![CDATA[FirstNameError Msg is displayed successfully]]>
    </line>
    <line>
      <![CDATA[Actual and Expected title is same]]>
    </line>
    <line>
      <![CDATA[The FirstNameError Msg is displayed as This is a required field.]]>
    </line>
    <line>
      <![CDATA[lastNameError Msg is displayed successfully]]>
    </line>
    <line>
      <![CDATA[Actual and Expected title is same]]>
    </line>
    <line>
      <![CDATA[The lastNameError Msg is displayed as This is a required field.]]>
    </line>
    <line>
      <![CDATA[emailError Msg is displayed successfully]]>
    </line>
    <line>
      <![CDATA[Actual and Expected title is same]]>
    </line>
    <line>
      <![CDATA[The emailError Msg is displayed as This is a required field.]]>
    </line>
    <line>
      <![CDATA[passwordError Msg is displayed successfully]]>
    </line>
    <line>
      <![CDATA[Actual and Expected title is same]]>
    </line>
    <line>
      <![CDATA[The passwordError Msg is displayed as This is a required field.]]>
    </line>
    <line>
      <![CDATA[conformPasswordError Msg is displayed successfully]]>
    </line>
    <line>
      <![CDATA[Actual and Expected title is same]]>
    </line>
    <line>
      <![CDATA[The conformPasswordError Msg is displayed as This is a required field.]]>
    </line>
    <line>
      <![CDATA[Create account link is clicked successfully]]>
    </line>
    <line>
      <![CDATA[LastName is displayed successfully as Antony]]>
    </line>
    <line>
      <![CDATA[SignUp button is displayeded successfully]]>
    </line>
    <line>
      <![CDATA[SignUp button is enabled successfully]]>
    </line>
    <line>
      <![CDATA[SignUp button is clicked]]>
    </line>
    <line>
      <![CDATA[email is displayed successfully as krish503@gamil.com]]>
    </line>
    <line>
      <![CDATA[email is displayed successfully as Antony@143]]>
    </line>
    <line>
      <![CDATA[email is displayed successfully as Antony@143]]>
    </line>
    <line>
      <![CDATA[CreteAccount button is not Selected successfully]]>
    </line>
    <line>
      <![CDATA[CreteAccount button is enabled successfully]]>
    </line>
    <line>
      <![CDATA[CreteAccount button is clicked]]>
    </line>
    <line>
      <![CDATA[FirstNameError Msg is displayed successfully]]>
    </line>
    <line>
      <![CDATA[Actual and Expected title is same]]>
    </line>
    <line>
      <![CDATA[The FirstNameError Msg is displayed as This is a required field.]]>
    </line>
    <line>
      <![CDATA[Create account link is clicked successfully]]>
    </line>
    <line>
      <![CDATA[FirstName is displayed successfully as vijay]]>
    </line>
    <line>
      <![CDATA[SignUp button is displayeded successfully]]>
    </line>
    <line>
      <![CDATA[SignUp button is enabled successfully]]>
    </line>
    <line>
      <![CDATA[SignUp button is clicked]]>
    </line>
    <line>
      <![CDATA[email is displayed successfully as krish503@gamil.com]]>
    </line>
    <line>
      <![CDATA[email is displayed successfully as Antony@143]]>
    </line>
    <line>
      <![CDATA[email is displayed successfully as Antony@143]]>
    </line>
    <line>
      <![CDATA[CreteAccount button is not Selected successfully]]>
    </line>
    <line>
      <![CDATA[CreteAccount button is enabled successfully]]>
    </line>
    <line>
      <![CDATA[CreteAccount button is clicked]]>
    </line>
    <line>
      <![CDATA[lastNameError Msg is displayed successfully]]>
    </line>
    <line>
      <![CDATA[Actual and Expected title is same]]>
    </line>
    <line>
      <![CDATA[The lastNameError Msg is displayed as This is a required field.]]>
    </line>
    <line>
      <![CDATA[Create account link is clicked successfully]]>
    </line>
    <line>
      <![CDATA[FirstName is displayed successfully as vijay]]>
    </line>
    <line>
      <![CDATA[LastName is displayed successfully as Antony]]>
    </line>
    <line>
      <![CDATA[SignUp button is displayeded successfully]]>
    </line>
    <line>
      <![CDATA[SignUp button is enabled successfully]]>
    </line>
    <line>
      <![CDATA[SignUp button is clicked]]>
    </line>
    <line>
      <![CDATA[email is displayed successfully as Antony@143]]>
    </line>
    <line>
      <![CDATA[email is displayed successfully as Antony@143]]>
    </line>
    <line>
      <![CDATA[CreteAccount button is not Selected successfully]]>
    </line>
    <line>
      <![CDATA[CreteAccount button is enabled successfully]]>
    </line>
    <line>
      <![CDATA[CreteAccount button is clicked]]>
    </line>
    <line>
      <![CDATA[emailError Msg is displayed successfully]]>
    </line>
    <line>
      <![CDATA[Actual and Expected title is same]]>
    </line>
    <line>
      <![CDATA[The emailError Msg is displayed as This is a required field.]]>
    </line>
    <line>
      <![CDATA[Create account link is clicked successfully]]>
    </line>
    <line>
      <![CDATA[FirstName is displayed successfully as vijay]]>
    </line>
    <line>
      <![CDATA[LastName is displayed successfully as Antony]]>
    </line>
    <line>
      <![CDATA[SignUp button is displayeded successfully]]>
    </line>
    <line>
      <![CDATA[SignUp button is enabled successfully]]>
    </line>
    <line>
      <![CDATA[SignUp button is clicked]]>
    </line>
    <line>
      <![CDATA[email is displayed successfully as krish503@gamil.com]]>
    </line>
    <line>
      <![CDATA[email is displayed successfully as Antony@143]]>
    </line>
    <line>
      <![CDATA[CreteAccount button is not Selected successfully]]>
    </line>
    <line>
      <![CDATA[CreteAccount button is enabled successfully]]>
    </line>
    <line>
      <![CDATA[CreteAccount button is clicked]]>
    </line>
    <line>
      <![CDATA[passwordError Msg is displayed successfully]]>
    </line>
    <line>
      <![CDATA[Actual and Expected title is same]]>
    </line>
    <line>
      <![CDATA[The passwordError Msg is displayed as This is a required field.]]>
    </line>
    <line>
      <![CDATA[Create account link is clicked successfully]]>
    </line>
    <line>
      <![CDATA[FirstName is displayed successfully as vijay]]>
    </line>
    <line>
      <![CDATA[LastName is displayed successfully as Antony]]>
    </line>
    <line>
      <![CDATA[SignUp button is displayeded successfully]]>
    </line>
    <line>
      <![CDATA[SignUp button is enabled successfully]]>
    </line>
    <line>
      <![CDATA[SignUp button is clicked]]>
    </line>
    <line>
      <![CDATA[email is displayed successfully as krish503@gamil.com]]>
    </line>
    <line>
      <![CDATA[email is displayed successfully as Antony@143]]>
    </line>
    <line>
      <![CDATA[CreteAccount button is not Selected successfully]]>
    </line>
    <line>
      <![CDATA[CreteAccount button is enabled successfully]]>
    </line>
    <line>
      <![CDATA[CreteAccount button is clicked]]>
    </line>
    <line>
      <![CDATA[conformPasswordError Msg is displayed successfully]]>
    </line>
    <line>
      <![CDATA[Actual and Expected title is same]]>
    </line>
    <line>
      <![CDATA[The conformPasswordError Msg is displayed as This is a required field.]]>
    </line>
    <line>
      <![CDATA[Create account link is clicked successfully]]>
    </line>
    <line>
      <![CDATA[FirstName is displayed successfully as vijay]]>
    </line>
    <line>
      <![CDATA[LastName is displayed successfully as Antony]]>
    </line>
    <line>
      <![CDATA[SignUp button is displayeded successfully]]>
    </line>
    <line>
      <![CDATA[SignUp button is enabled successfully]]>
    </line>
    <line>
      <![CDATA[SignUp button is clicked]]>
    </line>
    <line>
      <![CDATA[email is displayed successfully as krish503@gamil.com]]>
    </line>
    <line>
      <![CDATA[email is displayed successfully as Antony@143]]>
    </line>
    <line>
      <![CDATA[email is displayed successfully as Antony@143]]>
    </line>
    <line>
      <![CDATA[CreteAccount button is not Selected successfully]]>
    </line>
    <line>
      <![CDATA[CreteAccount button is enabled successfully]]>
    </line>
    <line>
      <![CDATA[CreteAccount button is clicked]]>
    </line>
    <line>
      <![CDATA[SignIn button is not displayed successfully]]>
    </line>
    <line>
      <![CDATA[SignIn button is enabled successfully]]>
    </line>
    <line>
      <![CDATA[SignUp button is clicked]]>
    </line>
    <line>
      <![CDATA[Customer Login]]>
    </line>
    <line>
      <![CDATA[Title is displayed as :Customer Login]]>
    </line>
    <line>
      <![CDATA[SignIn button is not Selected successfully]]>
    </line>
    <line>
      <![CDATA[SignUp button is clicked]]>
    </line>
    <line>
      <![CDATA[SignIn button is enabled successfully]]>
    </line>
    <line>
      <![CDATA[emailError Msg is displayed successfully]]>
    </line>
    <line>
      <![CDATA[Actual and Expected title is same]]>
    </line>
    <line>
      <![CDATA[The emailError Msg is displayed as This is a required field.]]>
    </line>
    <line>
      <![CDATA[passwordError Msg is displayed successfully]]>
    </line>
    <line>
      <![CDATA[Actual and Expected title is same]]>
    </line>
    <line>
      <![CDATA[The passwordError Msg is displayed as This is a required field.]]>
    </line>
    <line>
      <![CDATA[SignIn button is not displayed successfully]]>
    </line>
    <line>
      <![CDATA[SignIn button is enabled successfully]]>
    </line>
    <line>
      <![CDATA[SignUp button is clicked]]>
    </line>
    <line>
      <![CDATA[Customer Login]]>
    </line>
    <line>
      <![CDATA[Title is displayed as :Customer Login]]>
    </line>
    <line>
      <![CDATA[password is displayed successfully as Antony@143]]>
    </line>
    <line>
      <![CDATA[SignIn button is not Selected successfully]]>
    </line>
    <line>
      <![CDATA[SignUp button is clicked]]>
    </line>
    <line>
      <![CDATA[SignIn button is enabled successfully]]>
    </line>
    <line>
      <![CDATA[emailError Msg is displayed successfully]]>
    </line>
    <line>
      <![CDATA[Actual and Expected title is same]]>
    </line>
    <line>
      <![CDATA[The emailError Msg is displayed as This is a required field.]]>
    </line>
    <line>
      <![CDATA[SignIn button is not displayed successfully]]>
    </line>
    <line>
      <![CDATA[SignIn button is enabled successfully]]>
    </line>
    <line>
      <![CDATA[SignUp button is clicked]]>
    </line>
    <line>
      <![CDATA[Customer Login]]>
    </line>
    <line>
      <![CDATA[Title is displayed as :Customer Login]]>
    </line>
    <line>
      <![CDATA[email is displayed successfully as krish503@gamil.com]]>
    </line>
    <line>
      <![CDATA[SignIn button is not Selected successfully]]>
    </line>
    <line>
      <![CDATA[SignUp button is clicked]]>
    </line>
    <line>
      <![CDATA[SignIn button is enabled successfully]]>
    </line>
    <line>
      <![CDATA[passwordError Msg is displayed successfully]]>
    </line>
    <line>
      <![CDATA[Actual and Expected title is same]]>
    </line>
    <line>
      <![CDATA[The passwordError Msg is displayed as This is a required field.]]>
    </line>
    <line>
      <![CDATA[SignIn button is not displayed successfully]]>
    </line>
    <line>
      <![CDATA[SignIn button is enabled successfully]]>
    </line>
    <line>
      <![CDATA[SignUp button is clicked]]>
    </line>
    <line>
      <![CDATA[Customer Login]]>
    </line>
    <line>
      <![CDATA[Title is displayed as :Customer Login]]>
    </line>
    <line>
      <![CDATA[email is displayed successfully as krish503@gamil.com]]>
    </line>
    <line>
      <![CDATA[password is displayed successfully as Antony@143]]>
    </line>
    <line>
      <![CDATA[SignIn button is not Selected successfully]]>
    </line>
    <line>
      <![CDATA[SignUp button is clicked]]>
    </line>
    <line>
      <![CDATA[SignIn button is enabled successfully]]>
    </line>
  </reporter-output>
  <suite started-at="2023-04-19T13:41:54 IST" name="Suite" finished-at="2023-04-19T13:42:54 IST" duration-ms="60184">
    <groups>
    </groups>
    <test started-at="2023-04-19T13:41:54 IST" name="TestNg" finished-at="2023-04-19T13:42:54 IST" duration-ms="60184">
      <class name="com.telus.testcases.EndToEndTestFlow">
        <test-method is-config="true" signature="launchApplication()[pri:0, instance:com.telus.testcases.EndToEndTestFlow@63fbfaeb]" started-at="2023-04-19T13:41:37 IST" name="launchApplication" finished-at="2023-04-19T13:41:54 IST" duration-ms="16820" status="PASS">
          <reporter-output>
          </reporter-output>
        </test-method> <!-- launchApplication -->
        <test-method signature="logoPageValidation()[pri:1, instance:com.telus.testcases.EndToEndTestFlow@63fbfaeb]" started-at="2023-04-19T13:41:56 IST" name="logoPageValidation" finished-at="2023-04-19T13:41:59 IST" duration-ms="3075" status="PASS">
          <reporter-output>
          </reporter-output>
        </test-method> <!-- logoPageValidation -->
        <test-method signature="customerLogin1()[pri:2, instance:com.telus.testcases.EndToEndTestFlow@63fbfaeb]" started-at="2023-04-19T13:42:02 IST" name="customerLogin1" finished-at="2023-04-19T13:42:08 IST" duration-ms="5497" status="PASS">
          <reporter-output>
            <line>
              <![CDATA[Create account link is clicked successfully]]>
            </line>
            <line>
              <![CDATA[CreteAccount button is not Selected successfully]]>
            </line>
            <line>
              <![CDATA[CreteAccount button is enabled successfully]]>
            </line>
            <line>
              <![CDATA[CreteAccount button is clicked]]>
            </line>
            <line>
              <![CDATA[FirstNameError Msg is displayed successfully]]>
            </line>
            <line>
              <![CDATA[Actual and Expected title is same]]>
            </line>
            <line>
              <![CDATA[The FirstNameError Msg is displayed as This is a required field.]]>
            </line>
            <line>
              <![CDATA[lastNameError Msg is displayed successfully]]>
            </line>
            <line>
              <![CDATA[Actual and Expected title is same]]>
            </line>
            <line>
              <![CDATA[The lastNameError Msg is displayed as This is a required field.]]>
            </line>
            <line>
              <![CDATA[emailError Msg is displayed successfully]]>
            </line>
            <line>
              <![CDATA[Actual and Expected title is same]]>
            </line>
            <line>
              <![CDATA[The emailError Msg is displayed as This is a required field.]]>
            </line>
            <line>
              <![CDATA[passwordError Msg is displayed successfully]]>
            </line>
            <line>
              <![CDATA[Actual and Expected title is same]]>
            </line>
            <line>
              <![CDATA[The passwordError Msg is displayed as This is a required field.]]>
            </line>
            <line>
              <![CDATA[conformPasswordError Msg is displayed successfully]]>
            </line>
            <line>
              <![CDATA[Actual and Expected title is same]]>
            </line>
            <line>
              <![CDATA[The conformPasswordError Msg is displayed as This is a required field.]]>
            </line>
          </reporter-output>
        </test-method> <!-- customerLogin1 -->
        <test-method signature="customerLogin2()[pri:3, instance:com.telus.testcases.EndToEndTestFlow@63fbfaeb]" started-at="2023-04-19T13:42:08 IST" name="customerLogin2" finished-at="2023-04-19T13:42:11 IST" duration-ms="2239" status="PASS">
          <reporter-output>
            <line>
              <![CDATA[Create account link is clicked successfully]]>
            </line>
            <line>
              <![CDATA[LastName is displayed successfully as Antony]]>
            </line>
            <line>
              <![CDATA[SignUp button is displayeded successfully]]>
            </line>
            <line>
              <![CDATA[SignUp button is enabled successfully]]>
            </line>
            <line>
              <![CDATA[SignUp button is clicked]]>
            </line>
            <line>
              <![CDATA[email is displayed successfully as krish503@gamil.com]]>
            </line>
            <line>
              <![CDATA[email is displayed successfully as Antony@143]]>
            </line>
            <line>
              <![CDATA[email is displayed successfully as Antony@143]]>
            </line>
            <line>
              <![CDATA[CreteAccount button is not Selected successfully]]>
            </line>
            <line>
              <![CDATA[CreteAccount button is enabled successfully]]>
            </line>
            <line>
              <![CDATA[CreteAccount button is clicked]]>
            </line>
            <line>
              <![CDATA[FirstNameError Msg is displayed successfully]]>
            </line>
            <line>
              <![CDATA[Actual and Expected title is same]]>
            </line>
            <line>
              <![CDATA[The FirstNameError Msg is displayed as This is a required field.]]>
            </line>
          </reporter-output>
        </test-method> <!-- customerLogin2 -->
        <test-method signature="customerLogin3()[pri:4, instance:com.telus.testcases.EndToEndTestFlow@63fbfaeb]" started-at="2023-04-19T13:42:11 IST" name="customerLogin3" finished-at="2023-04-19T13:42:13 IST" duration-ms="2210" status="PASS">
          <reporter-output>
            <line>
              <![CDATA[Create account link is clicked successfully]]>
            </line>
            <line>
              <![CDATA[FirstName is displayed successfully as vijay]]>
            </line>
            <line>
              <![CDATA[SignUp button is displayeded successfully]]>
            </line>
            <line>
              <![CDATA[SignUp button is enabled successfully]]>
            </line>
            <line>
              <![CDATA[SignUp button is clicked]]>
            </line>
            <line>
              <![CDATA[email is displayed successfully as krish503@gamil.com]]>
            </line>
            <line>
              <![CDATA[email is displayed successfully as Antony@143]]>
            </line>
            <line>
              <![CDATA[email is displayed successfully as Antony@143]]>
            </line>
            <line>
              <![CDATA[CreteAccount button is not Selected successfully]]>
            </line>
            <line>
              <![CDATA[CreteAccount button is enabled successfully]]>
            </line>
            <line>
              <![CDATA[CreteAccount button is clicked]]>
            </line>
            <line>
              <![CDATA[lastNameError Msg is displayed successfully]]>
            </line>
            <line>
              <![CDATA[Actual and Expected title is same]]>
            </line>
            <line>
              <![CDATA[The lastNameError Msg is displayed as This is a required field.]]>
            </line>
          </reporter-output>
        </test-method> <!-- customerLogin3 -->
        <test-method signature="customerLogin4()[pri:5, instance:com.telus.testcases.EndToEndTestFlow@63fbfaeb]" started-at="2023-04-19T13:42:14 IST" name="customerLogin4" finished-at="2023-04-19T13:42:17 IST" duration-ms="2529" status="PASS">
          <reporter-output>
            <line>
              <![CDATA[Create account link is clicked successfully]]>
            </line>
            <line>
              <![CDATA[FirstName is displayed successfully as vijay]]>
            </line>
            <line>
              <![CDATA[LastName is displayed successfully as Antony]]>
            </line>
            <line>
              <![CDATA[SignUp button is displayeded successfully]]>
            </line>
            <line>
              <![CDATA[SignUp button is enabled successfully]]>
            </line>
            <line>
              <![CDATA[SignUp button is clicked]]>
            </line>
            <line>
              <![CDATA[email is displayed successfully as Antony@143]]>
            </line>
            <line>
              <![CDATA[email is displayed successfully as Antony@143]]>
            </line>
            <line>
              <![CDATA[CreteAccount button is not Selected successfully]]>
            </line>
            <line>
              <![CDATA[CreteAccount button is enabled successfully]]>
            </line>
            <line>
              <![CDATA[CreteAccount button is clicked]]>
            </line>
            <line>
              <![CDATA[emailError Msg is displayed successfully]]>
            </line>
            <line>
              <![CDATA[Actual and Expected title is same]]>
            </line>
            <line>
              <![CDATA[The emailError Msg is displayed as This is a required field.]]>
            </line>
          </reporter-output>
        </test-method> <!-- customerLogin4 -->
        <test-method signature="customerLogin5()[pri:6, instance:com.telus.testcases.EndToEndTestFlow@63fbfaeb]" started-at="2023-04-19T13:42:17 IST" name="customerLogin5" finished-at="2023-04-19T13:42:20 IST" duration-ms="2648" status="PASS">
          <reporter-output>
            <line>
              <![CDATA[Create account link is clicked successfully]]>
            </line>
            <line>
              <![CDATA[FirstName is displayed successfully as vijay]]>
            </line>
            <line>
              <![CDATA[LastName is displayed successfully as Antony]]>
            </line>
            <line>
              <![CDATA[SignUp button is displayeded successfully]]>
            </line>
            <line>
              <![CDATA[SignUp button is enabled successfully]]>
            </line>
            <line>
              <![CDATA[SignUp button is clicked]]>
            </line>
            <line>
              <![CDATA[email is displayed successfully as krish503@gamil.com]]>
            </line>
            <line>
              <![CDATA[email is displayed successfully as Antony@143]]>
            </line>
            <line>
              <![CDATA[CreteAccount button is not Selected successfully]]>
            </line>
            <line>
              <![CDATA[CreteAccount button is enabled successfully]]>
            </line>
            <line>
              <![CDATA[CreteAccount button is clicked]]>
            </line>
            <line>
              <![CDATA[passwordError Msg is displayed successfully]]>
            </line>
            <line>
              <![CDATA[Actual and Expected title is same]]>
            </line>
            <line>
              <![CDATA[The passwordError Msg is displayed as This is a required field.]]>
            </line>
          </reporter-output>
        </test-method> <!-- customerLogin5 -->
        <test-method signature="customerLogin6()[pri:7, instance:com.telus.testcases.EndToEndTestFlow@63fbfaeb]" started-at="2023-04-19T13:42:21 IST" name="customerLogin6" finished-at="2023-04-19T13:42:24 IST" duration-ms="2953" status="PASS">
          <reporter-output>
            <line>
              <![CDATA[Create account link is clicked successfully]]>
            </line>
            <line>
              <![CDATA[FirstName is displayed successfully as vijay]]>
            </line>
            <line>
              <![CDATA[LastName is displayed successfully as Antony]]>
            </line>
            <line>
              <![CDATA[SignUp button is displayeded successfully]]>
            </line>
            <line>
              <![CDATA[SignUp button is enabled successfully]]>
            </line>
            <line>
              <![CDATA[SignUp button is clicked]]>
            </line>
            <line>
              <![CDATA[email is displayed successfully as krish503@gamil.com]]>
            </line>
            <line>
              <![CDATA[email is displayed successfully as Antony@143]]>
            </line>
            <line>
              <![CDATA[CreteAccount button is not Selected successfully]]>
            </line>
            <line>
              <![CDATA[CreteAccount button is enabled successfully]]>
            </line>
            <line>
              <![CDATA[CreteAccount button is clicked]]>
            </line>
            <line>
              <![CDATA[conformPasswordError Msg is displayed successfully]]>
            </line>
            <line>
              <![CDATA[Actual and Expected title is same]]>
            </line>
            <line>
              <![CDATA[The conformPasswordError Msg is displayed as This is a required field.]]>
            </line>
          </reporter-output>
        </test-method> <!-- customerLogin6 -->
        <test-method signature="customerLogin()[pri:8, instance:com.telus.testcases.EndToEndTestFlow@63fbfaeb]" started-at="2023-04-19T13:42:26 IST" name="customerLogin" finished-at="2023-04-19T13:42:34 IST" duration-ms="7728" status="PASS">
          <reporter-output>
            <line>
              <![CDATA[Create account link is clicked successfully]]>
            </line>
            <line>
              <![CDATA[FirstName is displayed successfully as vijay]]>
            </line>
            <line>
              <![CDATA[LastName is displayed successfully as Antony]]>
            </line>
            <line>
              <![CDATA[SignUp button is displayeded successfully]]>
            </line>
            <line>
              <![CDATA[SignUp button is enabled successfully]]>
            </line>
            <line>
              <![CDATA[SignUp button is clicked]]>
            </line>
            <line>
              <![CDATA[email is displayed successfully as krish503@gamil.com]]>
            </line>
            <line>
              <![CDATA[email is displayed successfully as Antony@143]]>
            </line>
            <line>
              <![CDATA[email is displayed successfully as Antony@143]]>
            </line>
            <line>
              <![CDATA[CreteAccount button is not Selected successfully]]>
            </line>
            <line>
              <![CDATA[CreteAccount button is enabled successfully]]>
            </line>
            <line>
              <![CDATA[CreteAccount button is clicked]]>
            </line>
          </reporter-output>
        </test-method> <!-- customerLogin -->
        <test-method signature="signOutOption()[pri:9, instance:com.telus.testcases.EndToEndTestFlow@63fbfaeb]" started-at="2023-04-19T13:42:34 IST" name="signOutOption" finished-at="2023-04-19T13:42:37 IST" duration-ms="2428" status="PASS">
          <reporter-output>
          </reporter-output>
        </test-method> <!-- signOutOption -->
        <test-method signature="signInFunctionality()[pri:10, instance:com.telus.testcases.EndToEndTestFlow@63fbfaeb]" started-at="2023-04-19T13:42:40 IST" name="signInFunctionality" finished-at="2023-04-19T13:42:42 IST" duration-ms="2194" status="PASS">
          <reporter-output>
            <line>
              <![CDATA[SignIn button is not displayed successfully]]>
            </line>
            <line>
              <![CDATA[SignIn button is enabled successfully]]>
            </line>
            <line>
              <![CDATA[SignUp button is clicked]]>
            </line>
            <line>
              <![CDATA[Customer Login]]>
            </line>
            <line>
              <![CDATA[Title is displayed as :Customer Login]]>
            </line>
            <line>
              <![CDATA[SignIn button is not Selected successfully]]>
            </line>
            <line>
              <![CDATA[SignUp button is clicked]]>
            </line>
            <line>
              <![CDATA[SignIn button is enabled successfully]]>
            </line>
            <line>
              <![CDATA[emailError Msg is displayed successfully]]>
            </line>
            <line>
              <![CDATA[Actual and Expected title is same]]>
            </line>
            <line>
              <![CDATA[The emailError Msg is displayed as This is a required field.]]>
            </line>
            <line>
              <![CDATA[passwordError Msg is displayed successfully]]>
            </line>
            <line>
              <![CDATA[Actual and Expected title is same]]>
            </line>
            <line>
              <![CDATA[The passwordError Msg is displayed as This is a required field.]]>
            </line>
          </reporter-output>
        </test-method> <!-- signInFunctionality -->
        <test-method signature="signInFunctionality1()[pri:11, instance:com.telus.testcases.EndToEndTestFlow@63fbfaeb]" started-at="2023-04-19T13:42:42 IST" name="signInFunctionality1" finished-at="2023-04-19T13:42:45 IST" duration-ms="2157" status="PASS">
          <reporter-output>
            <line>
              <![CDATA[SignIn button is not displayed successfully]]>
            </line>
            <line>
              <![CDATA[SignIn button is enabled successfully]]>
            </line>
            <line>
              <![CDATA[SignUp button is clicked]]>
            </line>
            <line>
              <![CDATA[Customer Login]]>
            </line>
            <line>
              <![CDATA[Title is displayed as :Customer Login]]>
            </line>
            <line>
              <![CDATA[password is displayed successfully as Antony@143]]>
            </line>
            <line>
              <![CDATA[SignIn button is not Selected successfully]]>
            </line>
            <line>
              <![CDATA[SignUp button is clicked]]>
            </line>
            <line>
              <![CDATA[SignIn button is enabled successfully]]>
            </line>
            <line>
              <![CDATA[emailError Msg is displayed successfully]]>
            </line>
            <line>
              <![CDATA[Actual and Expected title is same]]>
            </line>
            <line>
              <![CDATA[The emailError Msg is displayed as This is a required field.]]>
            </line>
          </reporter-output>
        </test-method> <!-- signInFunctionality1 -->
        <test-method signature="signInFunctionality2()[pri:12, instance:com.telus.testcases.EndToEndTestFlow@63fbfaeb]" started-at="2023-04-19T13:42:45 IST" name="signInFunctionality2" finished-at="2023-04-19T13:42:47 IST" duration-ms="1962" status="PASS">
          <reporter-output>
            <line>
              <![CDATA[SignIn button is not displayed successfully]]>
            </line>
            <line>
              <![CDATA[SignIn button is enabled successfully]]>
            </line>
            <line>
              <![CDATA[SignUp button is clicked]]>
            </line>
            <line>
              <![CDATA[Customer Login]]>
            </line>
            <line>
              <![CDATA[Title is displayed as :Customer Login]]>
            </line>
            <line>
              <![CDATA[email is displayed successfully as krish503@gamil.com]]>
            </line>
            <line>
              <![CDATA[SignIn button is not Selected successfully]]>
            </line>
            <line>
              <![CDATA[SignUp button is clicked]]>
            </line>
            <line>
              <![CDATA[SignIn button is enabled successfully]]>
            </line>
            <line>
              <![CDATA[passwordError Msg is displayed successfully]]>
            </line>
            <line>
              <![CDATA[Actual and Expected title is same]]>
            </line>
            <line>
              <![CDATA[The passwordError Msg is displayed as This is a required field.]]>
            </line>
          </reporter-output>
        </test-method> <!-- signInFunctionality2 -->
        <test-method signature="signInFunctionality3()[pri:13, instance:com.telus.testcases.EndToEndTestFlow@63fbfaeb]" started-at="2023-04-19T13:42:48 IST" name="signInFunctionality3" finished-at="2023-04-19T13:42:53 IST" duration-ms="5481" status="PASS">
          <reporter-output>
            <line>
              <![CDATA[SignIn button is not displayed successfully]]>
            </line>
            <line>
              <![CDATA[SignIn button is enabled successfully]]>
            </line>
            <line>
              <![CDATA[SignUp button is clicked]]>
            </line>
            <line>
              <![CDATA[Customer Login]]>
            </line>
            <line>
              <![CDATA[Title is displayed as :Customer Login]]>
            </line>
            <line>
              <![CDATA[email is displayed successfully as krish503@gamil.com]]>
            </line>
            <line>
              <![CDATA[password is displayed successfully as Antony@143]]>
            </line>
            <line>
              <![CDATA[SignIn button is not Selected successfully]]>
            </line>
            <line>
              <![CDATA[SignUp button is clicked]]>
            </line>
            <line>
              <![CDATA[SignIn button is enabled successfully]]>
            </line>
          </reporter-output>
        </test-method> <!-- signInFunctionality3 -->
        <test-method is-config="true" signature="closeApplication()[pri:0, instance:com.telus.testcases.EndToEndTestFlow@63fbfaeb]" started-at="2023-04-19T13:42:56 IST" name="closeApplication" finished-at="2023-04-19T13:42:57 IST" duration-ms="1348" status="PASS">
          <reporter-output>
          </reporter-output>
        </test-method> <!-- closeApplication -->
      </class> <!-- com.telus.testcases.EndToEndTestFlow -->
    </test> <!-- TestNg -->
  </suite> <!-- Suite -->
</testng-results>
